============================= test session starts ==============================
platform darwin -- Python 3.12.12, pytest-9.0.1, pluggy-1.6.0 -- /Users/elliotmilco/Documents/GitHub/clams/.worktrees/SPEC-002-08/.venv/bin/python
cachedir: .pytest_cache
rootdir: /Users/elliotmilco/Documents/GitHub/clams/.worktrees/SPEC-002-08
configfile: pyproject.toml
testpaths: tests
plugins: anyio-4.12.0, asyncio-1.3.0
asyncio: mode=Mode.AUTO, debug=False, asyncio_default_fixture_loop_scope=None, asyncio_default_test_loop_scope=function
collecting ... collected 131 items

tests/embedding/test_mock.py::TestMockEmbedding::test_dimension PASSED
tests/embedding/test_mock.py::TestMockEmbedding::test_embed_returns_correct_shape PASSED
tests/embedding/test_mock.py::TestMockEmbedding::test_embed_deterministic PASSED
tests/embedding/test_mock.py::TestMockEmbedding::test_embed_different_texts_produce_different_embeddings PASSED
tests/embedding/test_mock.py::TestMockEmbedding::test_embed_normalized PASSED
tests/embedding/test_mock.py::TestMockEmbedding::test_embed_batch_empty_list PASSED
tests/embedding/test_mock.py::TestMockEmbedding::test_embed_batch_single_item PASSED
tests/embedding/test_mock.py::TestMockEmbedding::test_embed_batch_multiple_items PASSED
tests/embedding/test_mock.py::TestMockEmbedding::test_embed_batch_consistency_with_embed PASSED
tests/embedding/test_mock.py::TestMockEmbedding::test_embed_handles_special_characters PASSED
tests/embedding/test_mock.py::TestMockEmbedding::test_embed_long_text PASSED
tests/embedding/test_nomic.py::TestNomicEmbedding::test_dimension PASSED
tests/embedding/test_nomic.py::TestNomicEmbedding::test_embed_returns_correct_shape PASSED
tests/embedding/test_nomic.py::TestNomicEmbedding::test_embed_multiple_calls PASSED
tests/embedding/test_nomic.py::TestNomicEmbedding::test_embed_batch_empty_list PASSED
tests/embedding/test_nomic.py::TestNomicEmbedding::test_embed_batch_single_item PASSED
tests/embedding/test_nomic.py::TestNomicEmbedding::test_embed_batch_multiple_items PASSED
tests/embedding/test_nomic.py::TestNomicEmbedding::test_custom_settings PASSED
tests/embedding/test_nomic.py::TestNomicEmbedding::test_invalid_model_raises_error PASSED
tests/observation/test_collector.py::test_create_ghap 2025-12-03 16:14:49 [info     ] session_started                session_id=session_20251203_211449_c340dd
2025-12-03 16:14:49 [debug    ] ghap_saved                     ghap_id=ghap_20251203_211449_5d3bf1
2025-12-03 16:14:49 [info     ] ghap_created                   domain=debugging ghap_id=ghap_20251203_211449_5d3bf1 strategy=systematic-elimination
PASSED
tests/observation/test_collector.py::test_create_ghap_auto_starts_session 2025-12-03 16:14:49 [info     ] session_started                session_id=session_20251203_211449_f1ab96
2025-12-03 16:14:49 [debug    ] ghap_saved                     ghap_id=ghap_20251203_211449_b07e85
2025-12-03 16:14:49 [info     ] ghap_created                   domain=debugging ghap_id=ghap_20251203_211449_b07e85 strategy=systematic-elimination
PASSED
tests/observation/test_collector.py::test_create_ghap_when_active_raises 2025-12-03 16:14:49 [info     ] session_started                session_id=session_20251203_211449_2f700d
2025-12-03 16:14:49 [debug    ] ghap_saved                     ghap_id=ghap_20251203_211449_7425fd
2025-12-03 16:14:49 [info     ] ghap_created                   domain=debugging ghap_id=ghap_20251203_211449_7425fd strategy=systematic-elimination
2025-12-03 16:14:49 [warning  ] ghap_already_active            current_id=ghap_20251203_211449_7425fd
PASSED
tests/observation/test_collector.py::test_update_ghap_changes_hypothesis 2025-12-03 16:14:49 [info     ] session_started                session_id=session_20251203_211449_9898d3
2025-12-03 16:14:49 [debug    ] ghap_saved                     ghap_id=ghap_20251203_211449_eb1935
2025-12-03 16:14:49 [info     ] ghap_created                   domain=debugging ghap_id=ghap_20251203_211449_eb1935 strategy=systematic-elimination
2025-12-03 16:14:49 [debug    ] ghap_saved                     ghap_id=ghap_20251203_211449_eb1935
2025-12-03 16:14:49 [info     ] ghap_updated                   ghap_id=ghap_20251203_211449_eb1935 hap_changed=True iteration=2
PASSED
tests/observation/test_collector.py::test_update_ghap_changes_all_hap 2025-12-03 16:14:49 [info     ] session_started                session_id=session_20251203_211449_8b9ab6
2025-12-03 16:14:49 [debug    ] ghap_saved                     ghap_id=ghap_20251203_211449_31f12d
2025-12-03 16:14:49 [info     ] ghap_created                   domain=debugging ghap_id=ghap_20251203_211449_31f12d strategy=systematic-elimination
2025-12-03 16:14:49 [debug    ] ghap_saved                     ghap_id=ghap_20251203_211449_31f12d
2025-12-03 16:14:49 [info     ] ghap_updated                   ghap_id=ghap_20251203_211449_31f12d hap_changed=True iteration=2
PASSED
tests/observation/test_collector.py::test_update_ghap_note_only 2025-12-03 16:14:49 [info     ] session_started                session_id=session_20251203_211449_03fe35
2025-12-03 16:14:49 [debug    ] ghap_saved                     ghap_id=ghap_20251203_211449_2371b5
2025-12-03 16:14:49 [info     ] ghap_created                   domain=debugging ghap_id=ghap_20251203_211449_2371b5 strategy=systematic-elimination
2025-12-03 16:14:49 [debug    ] ghap_saved                     ghap_id=ghap_20251203_211449_2371b5
2025-12-03 16:14:49 [info     ] ghap_updated                   ghap_id=ghap_20251203_211449_2371b5 hap_changed=False iteration=1
PASSED
tests/observation/test_collector.py::test_update_ghap_strategy_only 2025-12-03 16:14:49 [info     ] session_started                session_id=session_20251203_211449_3e17c3
2025-12-03 16:14:49 [debug    ] ghap_saved                     ghap_id=ghap_20251203_211449_fa2d43
2025-12-03 16:14:49 [info     ] ghap_created                   domain=debugging ghap_id=ghap_20251203_211449_fa2d43 strategy=systematic-elimination
2025-12-03 16:14:49 [debug    ] ghap_saved                     ghap_id=ghap_20251203_211449_fa2d43
2025-12-03 16:14:49 [info     ] ghap_updated                   ghap_id=ghap_20251203_211449_fa2d43 hap_changed=False iteration=1
PASSED
tests/observation/test_collector.py::test_update_ghap_no_active_raises 2025-12-03 16:14:49 [warning  ] no_active_ghap_for_update
PASSED
tests/observation/test_collector.py::test_resolve_ghap_confirmed 2025-12-03 16:14:49 [info     ] session_started                session_id=session_20251203_211449_91c3cc
2025-12-03 16:14:49 [debug    ] ghap_saved                     ghap_id=ghap_20251203_211449_8b3a59
2025-12-03 16:14:49 [info     ] ghap_created                   domain=debugging ghap_id=ghap_20251203_211449_8b3a59 strategy=systematic-elimination
2025-12-03 16:14:49 [info     ] ghap_resolved                  ghap_id=ghap_20251203_211449_8b3a59 iterations=1 status=confirmed tier=silver
PASSED
tests/observation/test_collector.py::test_resolve_ghap_auto_captured_gold 2025-12-03 16:14:49 [info     ] session_started                session_id=session_20251203_211449_f12bdd
2025-12-03 16:14:49 [debug    ] ghap_saved                     ghap_id=ghap_20251203_211449_6f17fa
2025-12-03 16:14:49 [info     ] ghap_created                   domain=debugging ghap_id=ghap_20251203_211449_6f17fa strategy=systematic-elimination
2025-12-03 16:14:49 [info     ] ghap_resolved                  ghap_id=ghap_20251203_211449_6f17fa iterations=1 status=confirmed tier=gold
PASSED
tests/observation/test_collector.py::test_abandon_ghap 2025-12-03 16:14:49 [info     ] session_started                session_id=session_20251203_211449_6f1673
2025-12-03 16:14:49 [debug    ] ghap_saved                     ghap_id=ghap_20251203_211449_14cf4e
2025-12-03 16:14:49 [info     ] ghap_created                   domain=debugging ghap_id=ghap_20251203_211449_14cf4e strategy=systematic-elimination
2025-12-03 16:14:49 [info     ] ghap_resolved                  ghap_id=ghap_20251203_211449_14cf4e iterations=1 status=abandoned tier=abandoned
PASSED
tests/observation/test_collector.py::test_start_session 2025-12-03 16:14:49 [info     ] session_started                session_id=session_20251203_211449_df7f85
PASSED
tests/observation/test_collector.py::test_start_session_archives_previous 2025-12-03 16:14:49 [info     ] session_started                session_id=session_20251203_211449_05f215
2025-12-03 16:14:49 [debug    ] ghap_saved                     ghap_id=ghap_20251203_211449_ea2c2e
2025-12-03 16:14:49 [info     ] ghap_created                   domain=debugging ghap_id=ghap_20251203_211449_ea2c2e strategy=systematic-elimination
2025-12-03 16:14:49 [info     ] ghap_resolved                  ghap_id=ghap_20251203_211449_ea2c2e iterations=1 status=confirmed tier=silver
2025-12-03 16:14:49 [info     ] session_archived               archive_file=20251203_session_20251203_211449_05f215.jsonl entry_count=1 session_id=session_20251203_211449_05f215
2025-12-03 16:14:49 [info     ] session_started                session_id=session_20251203_211449_f75117
PASSED
tests/observation/test_collector.py::test_end_session 2025-12-03 16:14:49 [info     ] session_started                session_id=session_20251203_211449_de19fc
2025-12-03 16:14:49 [debug    ] ghap_saved                     ghap_id=ghap_20251203_211449_363868
2025-12-03 16:14:49 [info     ] ghap_created                   domain=debugging ghap_id=ghap_20251203_211449_363868 strategy=systematic-elimination
2025-12-03 16:14:49 [info     ] ghap_resolved                  ghap_id=ghap_20251203_211449_363868 iterations=1 status=confirmed tier=silver
2025-12-03 16:14:49 [info     ] session_archived               archive_file=20251203_session_20251203_211449_de19fc.jsonl entry_count=1 session_id=session_20251203_211449_de19fc
2025-12-03 16:14:49 [info     ] session_ended                  entries_archived=1 session_id=session_20251203_211449_de19fc
PASSED
tests/observation/test_collector.py::test_end_session_abandons_current 2025-12-03 16:14:49 [info     ] session_started                session_id=session_20251203_211449_430b26
2025-12-03 16:14:49 [debug    ] ghap_saved                     ghap_id=ghap_20251203_211449_a407f3
2025-12-03 16:14:49 [info     ] ghap_created                   domain=debugging ghap_id=ghap_20251203_211449_a407f3 strategy=systematic-elimination
2025-12-03 16:14:49 [info     ] ghap_resolved                  ghap_id=ghap_20251203_211449_a407f3 iterations=1 status=abandoned tier=abandoned
2025-12-03 16:14:49 [info     ] session_archived               archive_file=20251203_session_20251203_211449_430b26.jsonl entry_count=1 session_id=session_20251203_211449_430b26
2025-12-03 16:14:49 [info     ] session_ended                  entries_archived=1 session_id=session_20251203_211449_430b26
PASSED
tests/observation/test_collector.py::test_has_orphaned_entry 2025-12-03 16:14:49 [info     ] session_started                session_id=session_20251203_211449_2913ae
2025-12-03 16:14:49 [debug    ] ghap_saved                     ghap_id=ghap_20251203_211449_6a5790
2025-12-03 16:14:49 [info     ] ghap_created                   domain=debugging ghap_id=ghap_20251203_211449_6a5790 strategy=systematic-elimination
2025-12-03 16:14:49 [info     ] session_started                session_id=session_20251203_211449_c76242
PASSED
tests/observation/test_collector.py::test_adopt_orphan 2025-12-03 16:14:49 [info     ] session_started                session_id=session_20251203_211449_a99ec8
2025-12-03 16:14:49 [debug    ] ghap_saved                     ghap_id=ghap_20251203_211449_e8616c
2025-12-03 16:14:49 [info     ] ghap_created                   domain=debugging ghap_id=ghap_20251203_211449_e8616c strategy=systematic-elimination
2025-12-03 16:14:49 [info     ] session_started                session_id=session_20251203_211449_a70967
2025-12-03 16:14:49 [debug    ] ghap_saved                     ghap_id=ghap_20251203_211449_e8616c
2025-12-03 16:14:49 [info     ] orphan_adopted                 ghap_id=ghap_20251203_211449_e8616c new_session_id=session_20251203_211449_a70967
PASSED
tests/observation/test_collector.py::test_abandon_orphan 2025-12-03 16:14:49 [info     ] session_started                session_id=session_20251203_211449_3c28d5
2025-12-03 16:14:49 [debug    ] ghap_saved                     ghap_id=ghap_20251203_211449_f2f322
2025-12-03 16:14:49 [info     ] ghap_created                   domain=debugging ghap_id=ghap_20251203_211449_f2f322 strategy=systematic-elimination
2025-12-03 16:14:49 [info     ] session_started                session_id=session_20251203_211449_3769f8
2025-12-03 16:14:49 [info     ] entry_archived_to_session      archive_file=20251203_session_20251203_211449_3c28d5.jsonl ghap_id=ghap_20251203_211449_f2f322 session_id=session_20251203_211449_3c28d5
2025-12-03 16:14:49 [info     ] orphan_abandoned               ghap_id=ghap_20251203_211449_f2f322 original_session_id=session_20251203_211449_3c28d5
PASSED
tests/observation/test_collector.py::test_increment_tool_count PASSED
tests/observation/test_collector.py::test_should_check_in 2025-12-03 16:14:49 [info     ] session_started                session_id=session_20251203_211449_98d658
2025-12-03 16:14:49 [debug    ] ghap_saved                     ghap_id=ghap_20251203_211449_9a57fd
2025-12-03 16:14:49 [info     ] ghap_created                   domain=debugging ghap_id=ghap_20251203_211449_9a57fd strategy=systematic-elimination
PASSED
tests/observation/test_collector.py::test_reset_tool_count PASSED
tests/observation/test_collector.py::test_tool_count_persists PASSED
tests/observation/test_collector.py::test_full_session_lifecycle 2025-12-03 16:14:49 [info     ] session_started                session_id=session_20251203_211449_53030f
2025-12-03 16:14:49 [debug    ] ghap_saved                     ghap_id=ghap_20251203_211449_53efa8
2025-12-03 16:14:49 [info     ] ghap_created                   domain=debugging ghap_id=ghap_20251203_211449_53efa8 strategy=systematic-elimination
2025-12-03 16:14:49 [info     ] ghap_resolved                  ghap_id=ghap_20251203_211449_53efa8 iterations=1 status=confirmed tier=silver
2025-12-03 16:14:49 [debug    ] ghap_saved                     ghap_id=ghap_20251203_211449_ab01e9
2025-12-03 16:14:49 [info     ] ghap_created                   domain=debugging ghap_id=ghap_20251203_211449_ab01e9 strategy=systematic-elimination
2025-12-03 16:14:49 [info     ] ghap_resolved                  ghap_id=ghap_20251203_211449_ab01e9 iterations=1 status=confirmed tier=silver
2025-12-03 16:14:49 [debug    ] ghap_saved                     ghap_id=ghap_20251203_211449_9f2ab7
2025-12-03 16:14:49 [info     ] ghap_created                   domain=debugging ghap_id=ghap_20251203_211449_9f2ab7 strategy=systematic-elimination
2025-12-03 16:14:49 [info     ] ghap_resolved                  ghap_id=ghap_20251203_211449_9f2ab7 iterations=1 status=confirmed tier=silver
2025-12-03 16:14:49 [info     ] session_archived               archive_file=20251203_session_20251203_211449_53030f.jsonl entry_count=3 session_id=session_20251203_211449_53030f
2025-12-03 16:14:49 [info     ] session_ended                  entries_archived=3 session_id=session_20251203_211449_53030f
PASSED
tests/observation/test_collector.py::test_state_survives_restart 2025-12-03 16:14:49 [info     ] session_started                session_id=session_20251203_211449_facf50
2025-12-03 16:14:49 [debug    ] ghap_saved                     ghap_id=ghap_20251203_211449_56d5fb
2025-12-03 16:14:49 [info     ] ghap_created                   domain=debugging ghap_id=ghap_20251203_211449_56d5fb strategy=systematic-elimination
PASSED
tests/observation/test_collector.py::test_multiple_iterations 2025-12-03 16:14:49 [info     ] session_started                session_id=session_20251203_211449_212c7b
2025-12-03 16:14:49 [debug    ] ghap_saved                     ghap_id=ghap_20251203_211449_512f0b
2025-12-03 16:14:49 [info     ] ghap_created                   domain=debugging ghap_id=ghap_20251203_211449_512f0b strategy=systematic-elimination
2025-12-03 16:14:49 [debug    ] ghap_saved                     ghap_id=ghap_20251203_211449_512f0b
2025-12-03 16:14:49 [info     ] ghap_updated                   ghap_id=ghap_20251203_211449_512f0b hap_changed=True iteration=2
2025-12-03 16:14:49 [debug    ] ghap_saved                     ghap_id=ghap_20251203_211449_512f0b
2025-12-03 16:14:49 [info     ] ghap_updated                   ghap_id=ghap_20251203_211449_512f0b hap_changed=True iteration=3
PASSED
tests/observation/test_collector.py::test_text_truncation 2025-12-03 16:14:49 [info     ] session_started                session_id=session_20251203_211449_13df41
2025-12-03 16:14:49 [warning  ] text_truncated                 max_len=10000 original_len=15000
2025-12-03 16:14:49 [debug    ] ghap_saved                     ghap_id=ghap_20251203_211449_c1c88b
2025-12-03 16:14:49 [info     ] ghap_created                   domain=debugging ghap_id=ghap_20251203_211449_c1c88b strategy=systematic-elimination
PASSED
tests/observation/test_collector.py::test_corrupted_current_ghap_recovery 2025-12-03 16:14:49 [info     ] session_started                session_id=session_20251203_211449_279dc0
2025-12-03 16:14:49 [debug    ] ghap_saved                     ghap_id=ghap_20251203_211449_c903b6
2025-12-03 16:14:49 [info     ] ghap_created                   domain=debugging ghap_id=ghap_20251203_211449_c903b6 strategy=systematic-elimination
2025-12-03 16:14:49 [error    ] corrupted_ghap_backed_up       backup=/private/var/folders/kw/rp67pf8d5ng588lqp7d_gb240000gn/T/pytest-of-elliotmilco/pytest-518/test_corrupted_current_ghap_re0/journal/current_ghap.corrupted.1764796489 error='Expecting value: line 1 column 1 (char 0)' file=/private/var/folders/kw/rp67pf8d5ng588lqp7d_gb240000gn/T/pytest-of-elliotmilco/pytest-518/test_corrupted_current_ghap_re0/journal/current_ghap.json
PASSED
tests/observation/test_collector.py::test_corrupted_session_entries_recovery 2025-12-03 16:14:49 [info     ] session_started                session_id=session_20251203_211449_5ef9a3
2025-12-03 16:14:49 [debug    ] ghap_saved                     ghap_id=ghap_20251203_211449_4b7ef8
2025-12-03 16:14:49 [info     ] ghap_created                   domain=debugging ghap_id=ghap_20251203_211449_4b7ef8 strategy=systematic-elimination
2025-12-03 16:14:49 [info     ] ghap_resolved                  ghap_id=ghap_20251203_211449_4b7ef8 iterations=1 status=confirmed tier=silver
2025-12-03 16:14:49 [debug    ] ghap_saved                     ghap_id=ghap_20251203_211449_aea48e
2025-12-03 16:14:49 [info     ] ghap_created                   domain=debugging ghap_id=ghap_20251203_211449_aea48e strategy=systematic-elimination
2025-12-03 16:14:49 [info     ] ghap_resolved                  ghap_id=ghap_20251203_211449_aea48e iterations=1 status=confirmed tier=silver
2025-12-03 16:14:49 [warning  ] corrupt_entry_skipped          error='Expecting value: line 1 column 1 (char 0)' line_num=2
PASSED
tests/observation/test_models.py::test_root_cause_serialization PASSED
tests/observation/test_models.py::test_lesson_serialization PASSED
tests/observation/test_models.py::test_lesson_optional_takeaway PASSED
tests/observation/test_models.py::test_history_entry_serialization PASSED
tests/observation/test_models.py::test_outcome_serialization PASSED
tests/observation/test_models.py::test_ghap_entry_minimal_serialization PASSED
tests/observation/test_models.py::test_ghap_entry_full_serialization PASSED
tests/observation/test_models.py::test_domain_enum_values PASSED
tests/observation/test_models.py::test_strategy_enum_values PASSED
tests/observation/test_models.py::test_outcome_status_enum_values PASSED
tests/observation/test_models.py::test_confidence_tier_enum_values PASSED
tests/observation/test_utils.py::test_generate_ghap_id PASSED
tests/observation/test_utils.py::test_generate_ghap_id_uniqueness PASSED
tests/observation/test_utils.py::test_generate_session_id PASSED
tests/observation/test_utils.py::test_generate_session_id_uniqueness PASSED
tests/observation/test_utils.py::test_compute_confidence_tier_abandoned PASSED
tests/observation/test_utils.py::test_compute_confidence_tier_gold PASSED
tests/observation/test_utils.py::test_compute_confidence_tier_silver PASSED
tests/observation/test_utils.py::test_compute_confidence_tier_no_outcome PASSED
tests/observation/test_utils.py::test_atomic_write PASSED
tests/observation/test_utils.py::test_atomic_write_overwrites_existing PASSED
tests/observation/test_utils.py::test_atomic_write_cleans_up_temp_on_error PASSED
tests/observation/test_utils.py::test_truncate_text_short PASSED
tests/observation/test_utils.py::test_truncate_text_exact_limit PASSED
tests/observation/test_utils.py::test_truncate_text_too_long 2025-12-03 16:14:49 [warning  ] text_truncated                 max_len=100 original_len=200
PASSED
tests/observation/test_utils.py::test_truncate_text_unicode 2025-12-03 16:14:49 [warning  ] text_truncated                 max_len=50 original_len=1000
PASSED
tests/server/test_config.py::test_default_settings PASSED
tests/server/test_config.py::test_env_override PASSED
tests/server/test_config.py::test_settings_immutable PASSED
tests/server/test_main.py::test_create_server 2025-12-03 16:14:49 [info     ] tools.registered               tool_count=1
2025-12-03 16:14:49 [info     ] server.created                 server_name=learning-memory-server
PASSED
tests/server/test_main.py::test_server_has_ping_tool 2025-12-03 16:14:49 [info     ] tools.registered               tool_count=1
2025-12-03 16:14:49 [info     ] server.created                 server_name=learning-memory-server
PASSED
tests/storage/test_memory.py::TestInMemoryVectorStore::test_create_collection PASSED
tests/storage/test_memory.py::TestInMemoryVectorStore::test_create_duplicate_collection PASSED
tests/storage/test_memory.py::TestInMemoryVectorStore::test_delete_collection PASSED
tests/storage/test_memory.py::TestInMemoryVectorStore::test_upsert_and_get PASSED
tests/storage/test_memory.py::TestInMemoryVectorStore::test_upsert_update PASSED
tests/storage/test_memory.py::TestInMemoryVectorStore::test_upsert_wrong_dimension PASSED
tests/storage/test_memory.py::TestInMemoryVectorStore::test_search_cosine_similarity PASSED
tests/storage/test_memory.py::TestInMemoryVectorStore::test_search_with_filters PASSED
tests/storage/test_memory.py::TestInMemoryVectorStore::test_delete PASSED
tests/storage/test_memory.py::TestInMemoryVectorStore::test_scroll PASSED
tests/storage/test_memory.py::TestInMemoryVectorStore::test_scroll_with_filters PASSED
tests/storage/test_memory.py::TestInMemoryVectorStore::test_count PASSED
tests/storage/test_memory.py::TestInMemoryVectorStore::test_count_with_filters PASSED
tests/storage/test_memory.py::TestInMemoryVectorStore::test_get_nonexistent PASSED
tests/storage/test_memory.py::TestInMemoryVectorStore::test_operations_on_nonexistent_collection PASSED
tests/storage/test_metadata.py::TestIndexedFiles::test_add_indexed_file PASSED
tests/storage/test_metadata.py::TestIndexedFiles::test_add_indexed_file_upsert PASSED
tests/storage/test_metadata.py::TestIndexedFiles::test_get_indexed_file PASSED
tests/storage/test_metadata.py::TestIndexedFiles::test_get_indexed_file_not_found PASSED
tests/storage/test_metadata.py::TestIndexedFiles::test_list_indexed_files PASSED
tests/storage/test_metadata.py::TestIndexedFiles::test_list_indexed_files_all_projects PASSED
tests/storage/test_metadata.py::TestIndexedFiles::test_get_stale_files PASSED
tests/storage/test_metadata.py::TestIndexedFiles::test_delete_indexed_file PASSED
tests/storage/test_metadata.py::TestCallGraph::test_add_call PASSED
tests/storage/test_metadata.py::TestCallGraph::test_add_call_upsert PASSED
tests/storage/test_metadata.py::TestCallGraph::test_get_callers PASSED
tests/storage/test_metadata.py::TestCallGraph::test_get_callees PASSED
tests/storage/test_metadata.py::TestCallGraph::test_delete_calls_for_file PASSED
tests/storage/test_metadata.py::TestProjects::test_add_project PASSED
tests/storage/test_metadata.py::TestProjects::test_add_project_default_settings PASSED
tests/storage/test_metadata.py::TestProjects::test_add_project_upsert PASSED
tests/storage/test_metadata.py::TestProjects::test_get_project PASSED
tests/storage/test_metadata.py::TestProjects::test_get_project_not_found PASSED
tests/storage/test_metadata.py::TestProjects::test_list_projects PASSED
tests/storage/test_metadata.py::TestProjects::test_update_project_last_indexed PASSED
tests/storage/test_metadata.py::TestProjects::test_delete_project PASSED
tests/storage/test_metadata.py::TestJSONSerialization::test_complex_settings_roundtrip PASSED
tests/storage/test_metadata.py::TestJSONSerialization::test_empty_settings_roundtrip PASSED
tests/storage/test_qdrant.py::TestQdrantVectorStore::test_create_collection PASSED
tests/storage/test_qdrant.py::TestQdrantVectorStore::test_delete_collection PASSED
tests/storage/test_qdrant.py::TestQdrantVectorStore::test_upsert_and_get PASSED
tests/storage/test_qdrant.py::TestQdrantVectorStore::test_upsert_update PASSED
tests/storage/test_qdrant.py::TestQdrantVectorStore::test_search_cosine_similarity PASSED
tests/storage/test_qdrant.py::TestQdrantVectorStore::test_search_with_filters PASSED
tests/storage/test_qdrant.py::TestQdrantVectorStore::test_delete PASSED
tests/storage/test_qdrant.py::TestQdrantVectorStore::test_scroll PASSED
tests/storage/test_qdrant.py::TestQdrantVectorStore::test_scroll_with_filters PASSED
tests/storage/test_qdrant.py::TestQdrantVectorStore::test_count PASSED
tests/storage/test_qdrant.py::TestQdrantVectorStore::test_count_with_filters PASSED
tests/storage/test_qdrant.py::TestQdrantVectorStore::test_get_nonexistent PASSED
tests/storage/test_qdrant.py::TestQdrantVectorStore::test_distance_metrics PASSED
tests/test_placeholder.py::test_placeholder PASSED
tests/test_placeholder.py::test_fixture PASSED

======================== 131 passed in 61.67s (0:01:01) ========================
