============================= test session starts ==============================
platform darwin -- Python 3.12.12, pytest-9.0.1, pluggy-1.6.0 -- /Users/elliotmilco/Documents/GitHub/clams/.worktrees/SPEC-002-07/.venv/bin/python3
cachedir: .pytest_cache
rootdir: /Users/elliotmilco/Documents/GitHub/clams/.worktrees/SPEC-002-07
configfile: pyproject.toml
plugins: anyio-4.12.0, asyncio-1.3.0
asyncio: mode=Mode.AUTO, debug=False, asyncio_default_fixture_loop_scope=None, asyncio_default_test_loop_scope=function
collecting ... collected 39 items

tests/git/test_analyzer.py::TestGitAnalyzer::test_index_commits_initial 2025-12-03 20:22:17 [info     ] full_index_starting            force=False has_state=False repo_path=/private/var/folders/kw/rp67pf8d5ng588lqp7d_gb240000gn/T/tmpa6_vjmfh
PASSED
tests/git/test_analyzer.py::TestGitAnalyzer::test_index_commits_incremental 2025-12-03 20:22:17 [info     ] full_index_starting            force=False has_state=False repo_path=/private/var/folders/kw/rp67pf8d5ng588lqp7d_gb240000gn/T/tmppq6aan2e
2025-12-03 20:22:18 [info     ] incremental_index_starting     new_commits=1 repo_path=/private/var/folders/kw/rp67pf8d5ng588lqp7d_gb240000gn/T/tmppq6aan2e
PASSED
tests/git/test_analyzer.py::TestGitAnalyzer::test_index_commits_already_up_to_date 2025-12-03 20:22:18 [info     ] full_index_starting            force=False has_state=False repo_path=/private/var/folders/kw/rp67pf8d5ng588lqp7d_gb240000gn/T/tmp8b1x0st4
2025-12-03 20:22:18 [info     ] index_already_up_to_date       repo_path=/private/var/folders/kw/rp67pf8d5ng588lqp7d_gb240000gn/T/tmp8b1x0st4
PASSED
tests/git/test_analyzer.py::TestGitAnalyzer::test_index_commits_force_reindex 2025-12-03 20:22:18 [info     ] full_index_starting            force=False has_state=False repo_path=/private/var/folders/kw/rp67pf8d5ng588lqp7d_gb240000gn/T/tmp9j16o5g5
2025-12-03 20:22:18 [info     ] full_index_starting            force=True has_state=True repo_path=/private/var/folders/kw/rp67pf8d5ng588lqp7d_gb240000gn/T/tmp9j16o5g5
PASSED
tests/git/test_analyzer.py::TestGitAnalyzer::test_index_commits_with_limit 2025-12-03 20:22:18 [info     ] full_index_starting            force=False has_state=False repo_path=/private/var/folders/kw/rp67pf8d5ng588lqp7d_gb240000gn/T/tmp3pjip43r
PASSED
tests/git/test_analyzer.py::TestGitAnalyzer::test_index_commits_five_year_limit 2025-12-03 20:22:18 [info     ] full_index_starting            force=False has_state=False repo_path=/private/var/folders/kw/rp67pf8d5ng588lqp7d_gb240000gn/T/tmp15qiln0d
PASSED
tests/git/test_analyzer.py::TestGitAnalyzer::test_search_commits 2025-12-03 20:22:19 [info     ] full_index_starting            force=False has_state=False repo_path=/private/var/folders/kw/rp67pf8d5ng588lqp7d_gb240000gn/T/tmpym2pnlje
PASSED
tests/git/test_analyzer.py::TestGitAnalyzer::test_search_commits_with_author_filter 2025-12-03 20:22:19 [info     ] full_index_starting            force=False has_state=False repo_path=/private/var/folders/kw/rp67pf8d5ng588lqp7d_gb240000gn/T/tmpobqj9kze
PASSED
tests/git/test_analyzer.py::TestGitAnalyzer::test_search_commits_with_date_filter 2025-12-03 20:22:19 [info     ] full_index_starting            force=False has_state=False repo_path=/private/var/folders/kw/rp67pf8d5ng588lqp7d_gb240000gn/T/tmp4y0jvlaw
PASSED
tests/git/test_analyzer.py::TestGitAnalyzer::test_get_churn_hotspots PASSED
tests/git/test_analyzer.py::TestGitAnalyzer::test_get_file_authors PASSED
tests/git/test_analyzer.py::TestGitAnalyzer::test_get_change_frequency PASSED
tests/git/test_analyzer.py::TestGitAnalyzer::test_get_change_frequency_nonexistent_file PASSED
tests/git/test_analyzer.py::TestGitAnalyzer::test_blame_search PASSED
tests/git/test_analyzer.py::TestGitAnalyzer::test_blame_search_with_file_pattern PASSED
tests/git/test_analyzer.py::TestGitAnalyzer::test_embedding_text_format PASSED
tests/git/test_analyzer.py::TestGitAnalyzer::test_embedding_text_truncation PASSED
tests/git/test_analyzer.py::TestGitAnalyzer::test_index_state_tracking 2025-12-03 20:22:21 [info     ] full_index_starting            force=False has_state=False repo_path=/private/var/folders/kw/rp67pf8d5ng588lqp7d_gb240000gn/T/tmp6gfp5z9n
PASSED
tests/git/test_analyzer.py::TestGitAnalyzer::test_batch_embedding_performance 2025-12-03 20:22:21 [info     ] full_index_starting            force=False has_state=False repo_path=/private/var/folders/kw/rp67pf8d5ng588lqp7d_gb240000gn/T/tmpg0ia3vqo
PASSED
tests/git/test_analyzer.py::test_integration_with_real_repo SKIPPEDd
keyword argument 'dimension')
tests/git/test_reader.py::TestGitPythonReader::test_init_with_valid_repo PASSED
tests/git/test_reader.py::TestGitPythonReader::test_init_with_invalid_repo PASSED
tests/git/test_reader.py::TestGitPythonReader::test_init_with_nonexistent_path PASSED
tests/git/test_reader.py::TestGitPythonReader::test_get_commits_empty_repo PASSED
tests/git/test_reader.py::TestGitPythonReader::test_get_commits_single_commit PASSED
tests/git/test_reader.py::TestGitPythonReader::test_get_commits_multiple_commits PASSED
tests/git/test_reader.py::TestGitPythonReader::test_get_commits_with_limit PASSED
tests/git/test_reader.py::TestGitPythonReader::test_get_commits_with_path_filter PASSED
tests/git/test_reader.py::TestGitPythonReader::test_get_commits_with_date_filter PASSED
tests/git/test_reader.py::TestGitPythonReader::test_get_blame_text_file PASSED
tests/git/test_reader.py::TestGitPythonReader::test_get_blame_nonexistent_file PASSED
tests/git/test_reader.py::TestGitPythonReader::test_get_blame_binary_file PASSED
tests/git/test_reader.py::TestGitPythonReader::test_get_file_history PASSED
tests/git/test_reader.py::TestGitPythonReader::test_get_head_sha PASSED
tests/git/test_reader.py::TestGitPythonReader::test_get_head_sha_empty_repo PASSED
tests/git/test_reader.py::TestGitPythonReader::test_commit_timezone_aware PASSED
tests/git/test_reader.py::TestGitPythonReader::test_blame_timezone_aware PASSED
tests/git/test_reader.py::TestGitPythonReader::test_files_changed_relative_paths PASSED
tests/git/test_reader.py::test_integration_with_real_repo PASSED

======================== 38 passed, 1 skipped in 11.02s ========================
