============================= test session starts ==============================
platform darwin -- Python 3.12.12, pytest-9.0.1, pluggy-1.6.0 -- /Users/elliotmilco/Documents/GitHub/clams/.worktrees/SPEC-002-07/.venv/bin/python
cachedir: .pytest_cache
rootdir: /Users/elliotmilco/Documents/GitHub/clams/.worktrees/SPEC-002-07
configfile: pyproject.toml
testpaths: tests
plugins: anyio-4.12.0, asyncio-1.3.0
asyncio: mode=Mode.AUTO, debug=False, asyncio_default_fixture_loop_scope=None, asyncio_default_test_loop_scope=function
collecting ... collected 19 items / 1 error

==================================== ERRORS ====================================
_________________ ERROR collecting tests/git/test_analyzer.py __________________
ImportError while importing test module '/Users/elliotmilco/Documents/GitHub/clams/.worktrees/SPEC-002-07/tests/git/test_analyzer.py'.
Hint: make sure your test modules/packages have valid Python names.
Traceback:
../../../../../.local/share/uv/python/cpython-3.12.12-macos-aarch64-none/lib/python3.12/importlib/__init__.py:90: in import_module
    return _bootstrap._gcd_import(name[level:], package, level)
           ^^^^^^^^^^^^^^^^^^^^^^^^^^^^^^^^^^^^^^^^^^^^^^^^^^^^
tests/git/test_analyzer.py:10: in <module>
    from learning_memory_server.embedding.mock import MockEmbeddingService
E   ImportError: cannot import name 'MockEmbeddingService' from 'learning_memory_server.embedding.mock' (/Users/elliotmilco/Documents/GitHub/clams/.worktrees/SPEC-002-07/src/learning_memory_server/embedding/mock.py)
=========================== short test summary info ============================
ERROR tests/git/test_analyzer.py
!!!!!!!!!!!!!!!!!!!!!!!!!! stopping after 1 failures !!!!!!!!!!!!!!!!!!!!!!!!!!!
=============================== 1 error in 3.41s ===============================
