============================= test session starts ==============================
platform darwin -- Python 3.12.12, pytest-9.0.1, pluggy-1.6.0 -- /Users/elliotmilco/Documents/GitHub/clams/.worktrees/SPEC-002-07/.venv/bin/python
cachedir: .pytest_cache
rootdir: /Users/elliotmilco/Documents/GitHub/clams/.worktrees/SPEC-002-07
configfile: pyproject.toml
testpaths: tests
plugins: anyio-4.12.0, asyncio-1.3.0
asyncio: mode=Mode.AUTO, debug=False, asyncio_default_fixture_loop_scope=None, asyncio_default_test_loop_scope=function
collecting ... collected 116 items

tests/embedding/test_mock.py::TestMockEmbedding::test_dimension PASSED
tests/embedding/test_mock.py::TestMockEmbedding::test_embed_returns_correct_shape PASSED
tests/embedding/test_mock.py::TestMockEmbedding::test_embed_deterministic PASSED
tests/embedding/test_mock.py::TestMockEmbedding::test_embed_different_texts_produce_different_embeddings PASSED
tests/embedding/test_mock.py::TestMockEmbedding::test_embed_normalized PASSED
tests/embedding/test_mock.py::TestMockEmbedding::test_embed_batch_empty_list PASSED
tests/embedding/test_mock.py::TestMockEmbedding::test_embed_batch_single_item PASSED
tests/embedding/test_mock.py::TestMockEmbedding::test_embed_batch_multiple_items PASSED
tests/embedding/test_mock.py::TestMockEmbedding::test_embed_batch_consistency_with_embed PASSED
tests/embedding/test_mock.py::TestMockEmbedding::test_embed_handles_special_characters PASSED
tests/embedding/test_mock.py::TestMockEmbedding::test_embed_long_text PASSED
tests/embedding/test_nomic.py::TestNomicEmbedding::test_dimension PASSED
tests/embedding/test_nomic.py::TestNomicEmbedding::test_embed_returns_correct_shape PASSED
tests/embedding/test_nomic.py::TestNomicEmbedding::test_embed_multiple_calls PASSED
tests/embedding/test_nomic.py::TestNomicEmbedding::test_embed_batch_empty_list PASSED
tests/embedding/test_nomic.py::TestNomicEmbedding::test_embed_batch_single_item PASSED
tests/embedding/test_nomic.py::TestNomicEmbedding::test_embed_batch_multiple_items PASSED
tests/embedding/test_nomic.py::TestNomicEmbedding::test_custom_settings PASSED
tests/embedding/test_nomic.py::TestNomicEmbedding::test_invalid_model_raises_error PASSED
tests/git/test_analyzer.py::TestGitAnalyzer::test_index_commits_initial huggingface/tokenizers: The current process just got forked, after parallelism has already been used. Disabling parallelism to avoid deadlocks...
To disable this warning, you can either:
	- Avoid using `tokenizers` before the fork if possible
	- Explicitly set the environment variable TOKENIZERS_PARALLELISM=(true | false)
huggingface/tokenizers: The current process just got forked, after parallelism has already been used. Disabling parallelism to avoid deadlocks...
To disable this warning, you can either:
	- Avoid using `tokenizers` before the fork if possible
	- Explicitly set the environment variable TOKENIZERS_PARALLELISM=(true | false)
huggingface/tokenizers: The current process just got forked, after parallelism has already been used. Disabling parallelism to avoid deadlocks...
To disable this warning, you can either:
	- Avoid using `tokenizers` before the fork if possible
	- Explicitly set the environment variable TOKENIZERS_PARALLELISM=(true | false)
ERROR

==================================== ERRORS ====================================
_________ ERROR at setup of TestGitAnalyzer.test_index_commits_initial _________

    @pytest.fixture
    async def mock_embedding_service():
        """Create a mock embedding service."""
>       return MockEmbedding(dimension=768)
               ^^^^^^^^^^^^^^^^^^^^^^^^^^^^
E       TypeError: MockEmbedding.__init__() got an unexpected keyword argument 'dimension'

tests/git/test_analyzer.py:19: TypeError
=========================== short test summary info ============================
ERROR tests/git/test_analyzer.py::TestGitAnalyzer::test_index_commits_initial
!!!!!!!!!!!!!!!!!!!!!!!!!! stopping after 1 failures !!!!!!!!!!!!!!!!!!!!!!!!!!!
========================= 19 passed, 1 error in 26.28s =========================
