============================= test session starts ==============================
platform darwin -- Python 3.12.12, pytest-9.0.1, pluggy-1.6.0 -- /Users/elliotmilco/Documents/GitHub/clams/.worktrees/SPEC-002-11/.venv/bin/python
cachedir: .pytest_cache
rootdir: /Users/elliotmilco/Documents/GitHub/clams/.worktrees/SPEC-002-11
configfile: pyproject.toml
testpaths: tests
plugins: anyio-4.12.0, asyncio-1.3.0
asyncio: mode=Mode.AUTO, debug=False, asyncio_default_fixture_loop_scope=None, asyncio_default_test_loop_scope=function
collecting ... collected 119 items

tests/embedding/test_mock.py::TestMockEmbedding::test_dimension PASSED
tests/embedding/test_mock.py::TestMockEmbedding::test_embed_returns_correct_shape PASSED
tests/embedding/test_mock.py::TestMockEmbedding::test_embed_deterministic PASSED
tests/embedding/test_mock.py::TestMockEmbedding::test_embed_different_texts_produce_different_embeddings PASSED
tests/embedding/test_mock.py::TestMockEmbedding::test_embed_normalized PASSED
tests/embedding/test_mock.py::TestMockEmbedding::test_embed_batch_empty_list PASSED
tests/embedding/test_mock.py::TestMockEmbedding::test_embed_batch_single_item PASSED
tests/embedding/test_mock.py::TestMockEmbedding::test_embed_batch_multiple_items PASSED
tests/embedding/test_mock.py::TestMockEmbedding::test_embed_batch_consistency_with_embed PASSED
tests/embedding/test_mock.py::TestMockEmbedding::test_embed_handles_special_characters PASSED
tests/embedding/test_mock.py::TestMockEmbedding::test_embed_long_text PASSED
tests/embedding/test_nomic.py::TestNomicEmbedding::test_dimension PASSED
tests/embedding/test_nomic.py::TestNomicEmbedding::test_embed_returns_correct_shape PASSED
tests/embedding/test_nomic.py::TestNomicEmbedding::test_embed_multiple_calls PASSED
tests/embedding/test_nomic.py::TestNomicEmbedding::test_embed_batch_empty_list PASSED
tests/embedding/test_nomic.py::TestNomicEmbedding::test_embed_batch_single_item PASSED
tests/embedding/test_nomic.py::TestNomicEmbedding::test_embed_batch_multiple_items PASSED
tests/embedding/test_nomic.py::TestNomicEmbedding::test_custom_settings PASSED
tests/embedding/test_nomic.py::TestNomicEmbedding::test_invalid_model_raises_error PASSED
tests/server/test_config.py::test_default_settings PASSED
tests/server/test_config.py::test_env_override PASSED
tests/server/test_config.py::test_settings_immutable PASSED
tests/server/test_main.py::test_create_server 2025-12-03 22:56:06 [info     ] services.initializing
2025-12-03 22:56:09 [info     ] services.initialized           has_code=False has_git=False has_searcher=False
2025-12-03 22:56:09 [info     ] tools.registered
2025-12-03 22:56:09 [info     ] server.created                 server_name=learning-memory-server
PASSED
tests/server/test_main.py::test_server_has_ping_tool 2025-12-03 22:56:09 [info     ] services.initializing
2025-12-03 22:56:12 [info     ] services.initialized           has_code=False has_git=False has_searcher=False
2025-12-03 22:56:12 [info     ] tools.registered
2025-12-03 22:56:12 [info     ] server.created                 server_name=learning-memory-server
PASSED
tests/server/tools/test_code.py::test_index_codebase_not_available 2025-12-03 22:56:12 [info     ] code.index                     directory=/tmp project=test
PASSED
tests/server/tools/test_code.py::test_search_code_not_available 2025-12-03 22:56:12 [info     ] code.search                    project=None query=test
PASSED
tests/server/tools/test_code.py::test_find_similar_code_not_available 2025-12-03 22:56:12 [info     ] code.find_similar              snippet_len=9
PASSED
tests/server/tools/test_code.py::test_search_code_empty_query 2025-12-03 22:56:12 [info     ] code.search                    project=None query='   '
PASSED
tests/server/tools/test_code.py::test_search_code_limit_validation 2025-12-03 22:56:12 [info     ] code.search                    project=None query=test
2025-12-03 22:56:12 [info     ] code.search                    project=None query=test
PASSED
tests/server/tools/test_code.py::test_find_similar_code_snippet_too_long 2025-12-03 22:56:12 [info     ] code.find_similar              snippet_len=6000
PASSED
tests/server/tools/test_code.py::test_find_similar_code_empty_snippet 2025-12-03 22:56:12 [info     ] code.find_similar              snippet_len=3
PASSED
tests/server/tools/test_code.py::test_find_similar_code_limit_validation 2025-12-03 22:56:12 [info     ] code.find_similar              snippet_len=4
2025-12-03 22:56:12 [info     ] code.find_similar              snippet_len=4
PASSED
tests/server/tools/test_code.py::test_index_codebase_directory_not_found 2025-12-03 22:56:12 [info     ] code.index                     directory=/private/var/folders/kw/rp67pf8d5ng588lqp7d_gb240000gn/T/pytest-of-elliotmilco/pytest-533/test_index_codebase_directory_0/nonexistent project=test
PASSED
tests/server/tools/test_code.py::test_index_codebase_not_a_directory 2025-12-03 22:56:12 [info     ] code.index                     directory=/private/var/folders/kw/rp67pf8d5ng588lqp7d_gb240000gn/T/pytest-of-elliotmilco/pytest-533/test_index_codebase_not_a_dire0/test.txt project=test
PASSED
tests/server/tools/test_code.py::test_search_code_with_filters 2025-12-03 22:56:12 [info     ] code.search                    project=test-project query='test function'
2025-12-03 22:56:12 [info     ] code.searched                  count=1
PASSED
tests/server/tools/test_code.py::test_find_similar_code_with_project_filter 2025-12-03 22:56:12 [info     ] code.find_similar              snippet_len=16
2025-12-03 22:56:12 [info     ] code.similar_found             count=0
PASSED
tests/server/tools/test_git.py::test_search_commits_not_available 2025-12-03 22:56:12 [info     ] git.search_commits             author=None query=test
PASSED
tests/server/tools/test_git.py::test_get_file_history_not_available 2025-12-03 22:56:12 [info     ] git.file_history               limit=100 path=test.py
PASSED
tests/server/tools/test_git.py::test_get_churn_hotspots_not_available 2025-12-03 22:56:12 [info     ] git.churn_hotspots             days=90 limit=10
PASSED
tests/server/tools/test_git.py::test_get_code_authors_not_available 2025-12-03 22:56:12 [info     ] git.code_authors               path=test.py
PASSED
tests/server/tools/test_git.py::test_search_commits_empty_query 2025-12-03 22:56:12 [info     ] git.search_commits             author=None query='   '
PASSED
tests/server/tools/test_git.py::test_search_commits_limit_validation 2025-12-03 22:56:12 [info     ] git.search_commits             author=None query=test
2025-12-03 22:56:12 [info     ] git.search_commits             author=None query=test
PASSED
tests/server/tools/test_git.py::test_search_commits_invalid_date_format 2025-12-03 22:56:12 [info     ] git.search_commits             author=None query=test
PASSED
tests/server/tools/test_git.py::test_get_file_history_limit_validation 2025-12-03 22:56:12 [info     ] git.file_history               limit=0 path=test.py
2025-12-03 22:56:12 [info     ] git.file_history               limit=501 path=test.py
PASSED
tests/server/tools/test_git.py::test_get_file_history_file_not_found 2025-12-03 22:56:12 [info     ] git.file_history               limit=100 path=nonexistent.py
PASSED
tests/server/tools/test_git.py::test_get_churn_hotspots_days_validation 2025-12-03 22:56:12 [info     ] git.churn_hotspots             days=0 limit=10
2025-12-03 22:56:12 [info     ] git.churn_hotspots             days=366 limit=10
PASSED
tests/server/tools/test_git.py::test_get_churn_hotspots_limit_validation 2025-12-03 22:56:12 [info     ] git.churn_hotspots             days=90 limit=0
2025-12-03 22:56:12 [info     ] git.churn_hotspots             days=90 limit=51
PASSED
tests/server/tools/test_git.py::test_get_code_authors_file_not_found 2025-12-03 22:56:12 [info     ] git.code_authors               path=nonexistent.py
PASSED
tests/server/tools/test_memory.py::test_store_memory_success 2025-12-03 22:56:12 [info     ] memory.store                   category=fact importance=0.8
2025-12-03 22:56:12 [info     ] memory.stored                  category=fact memory_id=78da95b4-7f06-4be2-9c00-0699d7ad78db
PASSED
tests/server/tools/test_memory.py::test_store_memory_invalid_category 2025-12-03 22:56:12 [info     ] memory.store                   category=invalid importance=0.5
PASSED
tests/server/tools/test_memory.py::test_store_memory_content_too_long 2025-12-03 22:56:12 [info     ] memory.store                   category=fact importance=0.5
PASSED
tests/server/tools/test_memory.py::test_store_memory_importance_out_of_range 2025-12-03 22:56:12 [info     ] memory.store                   category=fact importance=1.5
2025-12-03 22:56:12 [info     ] memory.store                   category=fact importance=-0.1
PASSED
tests/server/tools/test_memory.py::test_store_memory_default_values 2025-12-03 22:56:12 [info     ] memory.store                   category=fact importance=0.5
2025-12-03 22:56:12 [info     ] memory.stored                  category=fact memory_id=4ba1f345-ce54-4dd4-9695-00dabf83e1fc
PASSED
tests/server/tools/test_memory.py::test_retrieve_memories_success 2025-12-03 22:56:12 [info     ] memory.retrieve                limit=10 query='test query'
2025-12-03 22:56:12 [info     ] memory.retrieved               count=1
PASSED
tests/server/tools/test_memory.py::test_retrieve_memories_empty_query 2025-12-03 22:56:12 [info     ] memory.retrieve                limit=10 query='   '
PASSED
tests/server/tools/test_memory.py::test_retrieve_memories_with_filters 2025-12-03 22:56:12 [info     ] memory.retrieve                limit=5 query=test
2025-12-03 22:56:12 [info     ] memory.retrieved               count=0
PASSED
tests/server/tools/test_memory.py::test_retrieve_memories_invalid_category 2025-12-03 22:56:12 [info     ] memory.retrieve                limit=10 query=test
PASSED
tests/server/tools/test_memory.py::test_retrieve_memories_limit_validation 2025-12-03 22:56:12 [info     ] memory.retrieve                limit=0 query=test
2025-12-03 22:56:12 [info     ] memory.retrieve                limit=101 query=test
PASSED
tests/server/tools/test_memory.py::test_list_memories_success 2025-12-03 22:56:12 [info     ] memory.list                    category=None limit=10 offset=0
2025-12-03 22:56:12 [info     ] memory.listed                  count=1 total=1
PASSED
tests/server/tools/test_memory.py::test_list_memories_pagination 2025-12-03 22:56:12 [info     ] memory.list                    category=None limit=2 offset=2
2025-12-03 22:56:12 [info     ] memory.listed                  count=2 total=5
PASSED
tests/server/tools/test_memory.py::test_list_memories_with_filters 2025-12-03 22:56:12 [info     ] memory.list                    category=fact limit=50 offset=0
2025-12-03 22:56:12 [info     ] memory.listed                  count=0 total=0
PASSED
tests/server/tools/test_memory.py::test_list_memories_invalid_offset 2025-12-03 22:56:12 [info     ] memory.list                    category=None limit=50 offset=-1
PASSED
tests/server/tools/test_memory.py::test_list_memories_limit_validation 2025-12-03 22:56:12 [info     ] memory.list                    category=None limit=0 offset=0
2025-12-03 22:56:12 [info     ] memory.list                    category=None limit=201 offset=0
PASSED
tests/server/tools/test_memory.py::test_delete_memory_success 2025-12-03 22:56:12 [info     ] memory.delete                  memory_id=test-id
2025-12-03 22:56:12 [info     ] memory.deleted                 memory_id=test-id
PASSED
tests/server/tools/test_memory.py::test_delete_memory_not_found 2025-12-03 22:56:12 [info     ] memory.delete                  memory_id=nonexistent
2025-12-03 22:56:12 [warning  ] memory.delete_failed           error='Not found' memory_id=nonexistent
PASSED
tests/server/tools/test_memory.py::test_all_valid_categories_accepted 2025-12-03 22:56:12 [info     ] memory.store                   category=preference importance=0.5
2025-12-03 22:56:12 [info     ] memory.stored                  category=preference memory_id=edd843bd-7fa5-453f-81cf-9f889b854a9a
2025-12-03 22:56:12 [info     ] memory.store                   category=fact importance=0.5
2025-12-03 22:56:12 [info     ] memory.stored                  category=fact memory_id=dd9de3bd-5d12-407e-8972-133d41a4881a
2025-12-03 22:56:12 [info     ] memory.store                   category=event importance=0.5
2025-12-03 22:56:12 [info     ] memory.stored                  category=event memory_id=727352eb-448a-4686-a4fc-2110ff0ba240
2025-12-03 22:56:12 [info     ] memory.store                   category=workflow importance=0.5
2025-12-03 22:56:12 [info     ] memory.stored                  category=workflow memory_id=fdf730bd-77c0-41f1-b227-169a287abf39
2025-12-03 22:56:12 [info     ] memory.store                   category=context importance=0.5
2025-12-03 22:56:12 [info     ] memory.stored                  category=context memory_id=09ac2ad0-c3a6-435e-ad5e-d1a6470848aa
2025-12-03 22:56:12 [info     ] memory.store                   category=error importance=0.5
2025-12-03 22:56:12 [info     ] memory.stored                  category=error memory_id=1b432f0e-a453-4ef5-9ecf-2963f04babd3
2025-12-03 22:56:12 [info     ] memory.store                   category=decision importance=0.5
2025-12-03 22:56:12 [info     ] memory.stored                  category=decision memory_id=5d47f658-cc67-40de-be5b-440d7bb3645b
PASSED
tests/storage/test_memory.py::TestInMemoryVectorStore::test_create_collection PASSED
tests/storage/test_memory.py::TestInMemoryVectorStore::test_create_duplicate_collection PASSED
tests/storage/test_memory.py::TestInMemoryVectorStore::test_delete_collection PASSED
tests/storage/test_memory.py::TestInMemoryVectorStore::test_upsert_and_get PASSED
tests/storage/test_memory.py::TestInMemoryVectorStore::test_upsert_update PASSED
tests/storage/test_memory.py::TestInMemoryVectorStore::test_upsert_wrong_dimension PASSED
tests/storage/test_memory.py::TestInMemoryVectorStore::test_search_cosine_similarity PASSED
tests/storage/test_memory.py::TestInMemoryVectorStore::test_search_with_filters PASSED
tests/storage/test_memory.py::TestInMemoryVectorStore::test_delete PASSED
tests/storage/test_memory.py::TestInMemoryVectorStore::test_scroll PASSED
tests/storage/test_memory.py::TestInMemoryVectorStore::test_scroll_with_filters PASSED
tests/storage/test_memory.py::TestInMemoryVectorStore::test_count PASSED
tests/storage/test_memory.py::TestInMemoryVectorStore::test_count_with_filters PASSED
tests/storage/test_memory.py::TestInMemoryVectorStore::test_get_nonexistent PASSED
tests/storage/test_memory.py::TestInMemoryVectorStore::test_operations_on_nonexistent_collection PASSED
tests/storage/test_metadata.py::TestIndexedFiles::test_add_indexed_file PASSED
tests/storage/test_metadata.py::TestIndexedFiles::test_add_indexed_file_upsert PASSED
tests/storage/test_metadata.py::TestIndexedFiles::test_get_indexed_file PASSED
tests/storage/test_metadata.py::TestIndexedFiles::test_get_indexed_file_not_found PASSED
tests/storage/test_metadata.py::TestIndexedFiles::test_list_indexed_files PASSED
tests/storage/test_metadata.py::TestIndexedFiles::test_list_indexed_files_all_projects PASSED
tests/storage/test_metadata.py::TestIndexedFiles::test_get_stale_files PASSED
tests/storage/test_metadata.py::TestIndexedFiles::test_delete_indexed_file PASSED
tests/storage/test_metadata.py::TestCallGraph::test_add_call PASSED
tests/storage/test_metadata.py::TestCallGraph::test_add_call_upsert PASSED
tests/storage/test_metadata.py::TestCallGraph::test_get_callers PASSED
tests/storage/test_metadata.py::TestCallGraph::test_get_callees PASSED
tests/storage/test_metadata.py::TestCallGraph::test_delete_calls_for_file PASSED
tests/storage/test_metadata.py::TestProjects::test_add_project PASSED
tests/storage/test_metadata.py::TestProjects::test_add_project_default_settings PASSED
tests/storage/test_metadata.py::TestProjects::test_add_project_upsert PASSED
tests/storage/test_metadata.py::TestProjects::test_get_project PASSED
tests/storage/test_metadata.py::TestProjects::test_get_project_not_found PASSED
tests/storage/test_metadata.py::TestProjects::test_list_projects PASSED
tests/storage/test_metadata.py::TestProjects::test_update_project_last_indexed PASSED
tests/storage/test_metadata.py::TestProjects::test_delete_project PASSED
tests/storage/test_metadata.py::TestJSONSerialization::test_complex_settings_roundtrip PASSED
tests/storage/test_metadata.py::TestJSONSerialization::test_empty_settings_roundtrip PASSED
tests/storage/test_qdrant.py::TestQdrantVectorStore::test_create_collection PASSED
tests/storage/test_qdrant.py::TestQdrantVectorStore::test_delete_collection PASSED
tests/storage/test_qdrant.py::TestQdrantVectorStore::test_upsert_and_get PASSED
tests/storage/test_qdrant.py::TestQdrantVectorStore::test_upsert_update PASSED
tests/storage/test_qdrant.py::TestQdrantVectorStore::test_search_cosine_similarity PASSED
tests/storage/test_qdrant.py::TestQdrantVectorStore::test_search_with_filters PASSED
tests/storage/test_qdrant.py::TestQdrantVectorStore::test_delete PASSED
tests/storage/test_qdrant.py::TestQdrantVectorStore::test_scroll PASSED
tests/storage/test_qdrant.py::TestQdrantVectorStore::test_scroll_with_filters PASSED
tests/storage/test_qdrant.py::TestQdrantVectorStore::test_count PASSED
tests/storage/test_qdrant.py::TestQdrantVectorStore::test_count_with_filters PASSED
tests/storage/test_qdrant.py::TestQdrantVectorStore::test_get_nonexistent PASSED
tests/storage/test_qdrant.py::TestQdrantVectorStore::test_distance_metrics PASSED
tests/test_placeholder.py::test_placeholder PASSED
tests/test_placeholder.py::test_fixture PASSED

============================= 119 passed in 33.11s =============================
